{"controller":"coupon","action":"updateCoupon","couponId":"687e35a4e3484bd76b3a6189","limitDifference":5,"level":"info","message":"Coupon updated successfully","timestamp":"2025-08-11T06:51:57.485Z"}
{"controller":"coupon","action":"addCoupon","couponId":{"buffer":{"0":104,"1":153,"2":147,"3":241,"4":84,"5":29,"6":171,"7":178,"8":240,"9":43,"10":190,"11":133}},"couponCode":"QQQQQQQQWWW","level":"info","message":"Coupon added successfully","timestamp":"2025-08-11T06:55:45.708Z"}
{"controller":"coupon","action":"deleteCoupon","couponId":"689993f1541dabb2f02bbe85","level":"info","message":"Coupon deleted successfully","timestamp":"2025-08-11T06:55:52.747Z"}
{"controller":"cart","action":"addToCart","userId":{"buffer":{"0":104,"1":99,"2":237,"3":254,"4":230,"5":161,"6":58,"7":122,"8":220,"9":54,"10":95,"11":187}},"productId":"6873be3362777969922212ad","color":"#780000","size":"22","level":"info","message":"Product added to cart","timestamp":"2025-08-11T07:23:35.334Z"}
{"controller":"cart","action":"removeCart","userId":{"buffer":{"0":104,"1":99,"2":237,"3":254,"4":230,"5":161,"6":58,"7":122,"8":220,"9":54,"10":95,"11":187}},"cartId":"68999a771a7fb6713b927f52","level":"info","message":"Item removed from cart","timestamp":"2025-08-11T07:29:41.110Z"}
{"controller":"cart","action":"removeCart","userId":{"buffer":{"0":104,"1":99,"2":237,"3":254,"4":230,"5":161,"6":58,"7":122,"8":220,"9":54,"10":95,"11":187}},"cartId":"68986a880a1fde550ee02cb6","level":"info","message":"Item removed from cart","timestamp":"2025-08-11T07:29:42.234Z"}
{"controller":"cart","action":"removeCart","userId":{"buffer":{"0":104,"1":99,"2":237,"3":254,"4":230,"5":161,"6":58,"7":122,"8":220,"9":54,"10":95,"11":187}},"cartId":"68986a440a1fde550ee0288f","level":"info","message":"Item removed from cart","timestamp":"2025-08-11T07:29:43.169Z"}
{"controller":"cart","action":"removeCart","userId":{"buffer":{"0":104,"1":99,"2":237,"3":254,"4":230,"5":161,"6":58,"7":122,"8":220,"9":54,"10":95,"11":187}},"cartId":"68986a420a1fde550ee0287f","level":"info","message":"Item removed from cart","timestamp":"2025-08-11T07:29:43.782Z"}
{"controller":"category","action":"postCategory","categoryId":{"buffer":{"0":104,"1":153,"2":158,"3":42,"4":0,"5":75,"6":52,"7":218,"8":194,"9":38,"10":243,"11":170}},"categoryName":"Testone","level":"info","message":"Category added successfully","timestamp":"2025-08-11T07:39:22.367Z"}
{"controller":"category","action":"unblockCategory","categoryId":"68999e2a004b34dac226f3aa","categoryName":"Testone","level":"info","message":"Category unblocked successfully","timestamp":"2025-08-11T07:40:25.046Z"}
{"controller":"category","action":"updateCategory","categoryId":"68999e2a004b34dac226f3aa","categoryName":"Testonell","level":"info","message":"Category updated successfully","timestamp":"2025-08-11T07:44:01.770Z"}
{"controller":"checkout","action":"postWallet","orderId":"SportsHub-2025-0186","userId":{"buffer":{"0":104,"1":99,"2":237,"3":254,"4":230,"5":161,"6":58,"7":122,"8":220,"9":54,"10":95,"11":187}},"couponCode":null,"totalAmount":4199,"paymentMethod":"wallet","level":"info","message":"Order created successfully","timestamp":"2025-08-11T08:03:47.393Z"}
{"controller":"customers","action":"blockCustomers","userId":"6891e0bd598c0b1f119656c0","level":"info","message":"User blocked successfully","timestamp":"2025-08-11T08:08:52.002Z"}
{"controller":"customers","action":"unblockCustomers","userId":"6891e0bd598c0b1f119656c0","level":"info","message":"User unblocked successfully","timestamp":"2025-08-11T08:08:55.749Z"}
{"controller":"offers","action":"postEditCategoryOffers","targetName":"Shoes","discountPercentage":"60","startDate":"2025-08-11","endDate":"2025-08-21","level":"info","message":"Category offer updated successfully","timestamp":"2025-08-11T08:28:54.071Z"}
{"controller":"offers","action":"postEditCategoryOffers","targetName":"Shoes","discountPercentage":"60","startDate":"2025-08-11","endDate":"2025-08-21","level":"info","message":"Category offer updated successfully","timestamp":"2025-08-11T08:35:03.517Z"}
{"controller":"orderslist","action":"shippedOrder","orderId":"6899a3e3059d6de7d81149dd","level":"info","message":"Order status updated to shipped","timestamp":"2025-08-11T08:41:53.544Z"}
{"controller":"orderslist","action":"outofdeliveryOrder","orderId":"6899a3e3059d6de7d81149dd","level":"info","message":"Order status updated to out of delivery","timestamp":"2025-08-11T08:41:56.218Z"}
{"controller":"orderslist","action":"delivered","orderId":"6899a3e3059d6de7d81149dd","level":"info","message":"Order status updated to delivered","timestamp":"2025-08-11T08:41:59.134Z"}
{"controller":"orderslist","action":"cancelled","orderId":"6898432aa75ea84252f2fb0d","level":"info","message":"Order status updated to cancelled","timestamp":"2025-08-11T08:42:04.418Z"}
{"controller":"cart","action":"addToCart","userId":{"buffer":{"0":104,"1":99,"2":237,"3":254,"4":230,"5":161,"6":58,"7":122,"8":220,"9":54,"10":95,"11":187}},"productId":"6873c35a627779699222199d","color":"#563d7c","size":"L","level":"info","message":"Product added to cart","timestamp":"2025-08-11T10:22:16.090Z"}
{"controller":"checkout","action":"postWallet","orderId":"SportsHub-2025-0187","userId":{"buffer":{"0":104,"1":99,"2":237,"3":254,"4":230,"5":161,"6":58,"7":122,"8":220,"9":54,"10":95,"11":187}},"couponCode":null,"totalAmount":839,"paymentMethod":"wallet","level":"info","message":"Order created successfully","timestamp":"2025-08-11T10:22:31.695Z"}
{"controller":"orderslist","action":"delivered","orderId":"6899c467161375c7665750de","level":"info","message":"Order status updated to delivered","timestamp":"2025-08-11T10:22:42.761Z"}
{"controller":"products","action":"updatePostProducts","productId":"6873c35a627779699222199d","productName":"YONEX Essentia T Shirt DDSR Sustainable","level":"info","message":"Product updated successfully","timestamp":"2025-08-11T10:32:53.055Z"}
