{"stack":"ReferenceError: not add coupon data\n    at postAddCoupon (D:\\AMAL PAUL\\BROTOTYPE\\E-COMMERCE PROJECT (SPORTS HUB)\\Node Connect - Original file - connect mongose - latest - Copy\\controllers\\coupon.js:51:24)\n    at process.processTicksAndRejections (node:internal/process/task_queues:105:5)","controller":"coupon","action":"addCoupon","level":"error","message":"not add coupon data","timestamp":"2025-08-11T06:22:16.670Z"}
{"originalMessage":"couponSchem is not defined","stack":"ReferenceError: couponSchem is not defined\n    at postAddCoupon (D:\\AMAL PAUL\\BROTOTYPE\\E-COMMERCE PROJECT (SPORTS HUB)\\Node Connect - Original file - connect mongose - latest - Copy\\controllers\\coupon.js:51:24)\n    at process.processTicksAndRejections (node:internal/process/task_queues:105:5)","controller":"coupon","action":"addCoupon","level":"error","message":"Failed to add coupon","timestamp":"2025-08-11T06:28:45.838Z"}
{"controller":"orderslist","action":"acceptReturn","error":"Cannot read properties of null (reading '_id')","level":"error","message":"Error accepting return request","timestamp":"2025-08-11T08:45:00.780Z"}
{"controller":"orderslist","action":"acceptReturn","error":"Cannot read properties of null (reading '_id')","level":"error","message":"Error accepting return request","timestamp":"2025-08-11T08:46:40.133Z"}
{"controller":"orderslist","action":"acceptReturn","error":"Cannot read properties of null (reading '_id')","level":"error","message":"Error accepting return request","timestamp":"2025-08-11T08:49:27.746Z"}
{"controller":"orderslist","action":"acceptReturn","error":"Cannot read properties of null (reading '_id')","level":"error","message":"Error accepting return request","timestamp":"2025-08-11T08:53:36.128Z"}
{"controller":"orderslist","action":"acceptReturn","error":"Cannot read properties of null (reading '_id')","level":"error","message":"Error accepting return request","timestamp":"2025-08-11T08:56:03.189Z"}
{"controller":"orderslist","action":"acceptReturn","error":"Cannot read properties of null (reading '_id')","level":"error","message":"Error accepting return request","timestamp":"2025-08-11T08:58:19.627Z"}
{"controller":"orderslist","action":"acceptReturn","error":"Cannot read properties of null (reading '_id')","level":"error","message":"Error accepting return request","timestamp":"2025-08-11T09:02:42.899Z"}
{"controller":"orderslist","action":"acceptReturn","error":"Cannot read properties of null (reading '_id')","level":"error","message":"Error accepting return request","timestamp":"2025-08-11T09:03:53.959Z"}
{"controller":"orderslist","action":"acceptReturn","error":"Cannot read properties of null (reading '_id')","level":"error","message":"Error accepting return request","timestamp":"2025-08-11T09:10:30.620Z"}
{"controller":"orderslist","action":"acceptReturn","error":"Cannot access 'orderId' before initialization","level":"error","message":"Error accepting return request","timestamp":"2025-08-11T09:12:36.316Z"}
{"controller":"orderslist","action":"acceptReturn","error":"Cannot read properties of null (reading '_id')","level":"error","message":"Error accepting return request","timestamp":"2025-08-11T09:13:23.612Z"}
{"controller":"orderslist","action":"acceptReturn","error":"Cannot read properties of null (reading '_id')","level":"error","message":"Error accepting return request","timestamp":"2025-08-11T09:16:57.627Z"}
{"controller":"orderslist","action":"acceptReturn","error":"Cannot read properties of null (reading '_id')","level":"error","message":"Error accepting return request","timestamp":"2025-08-11T09:17:48.876Z"}
{"controller":"orderslist","action":"acceptReturn","error":"Cannot read properties of null (reading '_id')","level":"error","message":"Error accepting return request","timestamp":"2025-08-11T09:21:31.582Z"}
{"controller":"orderslist","action":"acceptReturn","error":"Cannot read properties of null (reading '_id')","level":"error","message":"Error accepting return request","timestamp":"2025-08-11T09:23:09.690Z"}
{"controller":"orderslist","action":"acceptReturn","error":"Cannot read properties of null (reading '_id')","level":"error","message":"Error accepting return request","timestamp":"2025-08-11T09:25:47.786Z"}
{"controller":"orderslist","action":"acceptReturn","error":"Cannot read properties of null (reading '_id')","level":"error","message":"Error accepting return request","timestamp":"2025-08-11T09:28:36.592Z"}
{"controller":"orderslist","action":"acceptReturn","error":"Cannot read properties of null (reading '_id')","level":"error","message":"Error accepting return request","timestamp":"2025-08-11T09:30:58.070Z"}
{"controller":"orderslist","action":"acceptReturn","error":"Cannot read properties of null (reading '_id')","level":"error","message":"Error accepting return request","timestamp":"2025-08-11T09:32:07.223Z"}
{"controller":"orderslist","action":"acceptReturn","error":"Cannot read properties of null (reading '_id')","level":"error","message":"Error accepting return request","timestamp":"2025-08-11T09:34:29.193Z"}
{"controller":"orderslist","action":"acceptReturn","error":"Cannot read properties of null (reading '_id')","level":"error","message":"Error accepting return request","timestamp":"2025-08-11T09:35:17.477Z"}
{"controller":"orderslist","action":"acceptReturn","error":"Cannot read properties of null (reading '_id')","level":"error","message":"Error accepting return request","timestamp":"2025-08-11T09:35:27.297Z"}
{"controller":"orderslist","action":"acceptReturn","error":"Cannot read properties of null (reading '_id')","level":"error","message":"Error accepting return request","timestamp":"2025-08-11T09:37:30.910Z"}
{"controller":"orderslist","action":"acceptReturn","error":"Cannot read properties of null (reading '_id')","level":"error","message":"Error accepting return request","timestamp":"2025-08-11T09:39:33.902Z"}
{"controller":"orderslist","action":"acceptReturn","returnId":"6894584914ef6048edacc9d7","error":"Cannot read properties of null (reading '_id')","level":"error","message":"Error accepting return request","timestamp":"2025-08-11T09:46:09.030Z"}
{"controller":"orderslist","action":"acceptReturn","error":"Cannot read properties of null (reading '_id')","level":"error","message":"Error accepting return request","timestamp":"2025-08-11T09:56:06.900Z"}
{"controller":"orderslist","action":"acceptReturn","error":"Cannot read properties of null (reading '_id')","level":"error","message":"Error accepting return request","timestamp":"2025-08-11T09:57:01.009Z"}
{"controller":"orderslist","action":"acceptReturn","error":"Cannot read properties of null (reading '_id')","level":"error","message":"Error accepting return request","timestamp":"2025-08-11T09:57:34.428Z"}
{"controller":"orderslist","action":"acceptReturn","error":"Cannot read properties of null (reading '_id')","level":"error","message":"Error accepting return request","timestamp":"2025-08-11T09:59:01.562Z"}
{"controller":"orderslist","action":"acceptReturn","error":"Cannot read properties of null (reading '_id')","level":"error","message":"Error accepting return request","timestamp":"2025-08-11T10:00:54.123Z"}
{"controller":"orderslist","action":"acceptReturn","error":"Cannot read properties of null (reading '_id')","level":"error","message":"Error accepting return request","timestamp":"2025-08-11T10:02:18.940Z"}
{"controller":"orderslist","action":"acceptReturn","error":"Cannot read properties of null (reading '_id')","level":"error","message":"Error accepting return request","timestamp":"2025-08-11T10:03:46.493Z"}
{"controller":"orderslist","action":"acceptReturn","error":"Cannot read properties of null (reading '_id')","level":"error","message":"Error accepting return request","timestamp":"2025-08-11T10:04:50.419Z"}
{"controller":"orderslist","action":"acceptReturn","error":"Cannot read properties of null (reading '_id')","level":"error","message":"Error accepting return request","timestamp":"2025-08-11T10:06:34.090Z"}
{"controller":"orderslist","action":"acceptReturn","error":"Cannot read properties of null (reading '_id')","level":"error","message":"Error accepting return request","timestamp":"2025-08-11T10:07:12.868Z"}
{"controller":"orderslist","action":"acceptReturn","error":"Cannot read properties of null (reading '_id')","level":"error","message":"Error accepting return request","timestamp":"2025-08-11T10:07:58.288Z"}
{"controller":"orderslist","action":"acceptReturn","error":"email is not defined","level":"error","message":"Error accepting return request","timestamp":"2025-08-11T10:12:15.236Z"}
{"controller":"orderslist","action":"acceptReturn","error":"usersData is not defined","level":"error","message":"Error accepting return request","timestamp":"2025-08-11T10:14:16.595Z"}
{"controller":"orderslist","action":"acceptReturn","error":"usersData is not defined","level":"error","message":"Error accepting return request","timestamp":"2025-08-11T10:14:49.596Z"}
{"controller":"orderslist","action":"acceptReturn","error":"usersData is not defined","level":"error","message":"Error accepting return request","timestamp":"2025-08-11T10:16:13.130Z"}
{"controller":"orderslist","action":"acceptReturn","error":"usersData is not defined","level":"error","message":"Error accepting return request","timestamp":"2025-08-11T10:19:04.555Z"}
{"originalMessage":"orders validation failed: productInfo.0.regularPrice: Path `regularPrice` is required., productInfo.1.regularPrice: Path `regularPrice` is required.","stack":"ValidationError: orders validation failed: productInfo.0.regularPrice: Path `regularPrice` is required., productInfo.1.regularPrice: Path `regularPrice` is required.\n    at Document.invalidate (D:\\AMAL PAUL\\BROTOTYPE\\E-COMMERCE PROJECT (SPORTS HUB)\\Node Connect - Original file - connect mongose - latest - Copy\\node_modules\\mongoose\\lib\\document.js:3352:32)\n    at Subdocument.invalidate (D:\\AMAL PAUL\\BROTOTYPE\\E-COMMERCE PROJECT (SPORTS HUB)\\Node Connect - Original file - connect mongose - latest - Copy\\node_modules\\mongoose\\lib\\types\\subdocument.js:229:12)\n    at D:\\AMAL PAUL\\BROTOTYPE\\E-COMMERCE PROJECT (SPORTS HUB)\\Node Connect - Original file - connect mongose - latest - Copy\\node_modules\\mongoose\\lib\\document.js:3113:17\n    at D:\\AMAL PAUL\\BROTOTYPE\\E-COMMERCE PROJECT (SPORTS HUB)\\Node Connect - Original file - connect mongose - latest - Copy\\node_modules\\mongoose\\lib\\schemaType.js:1407:9\n    at process.processTicksAndRejections (node:internal/process/task_queues:85:11)","controller":"youraccount","action":"cancelEntairOrder","level":"error","message":"Failed to cancel entire order","timestamp":"2025-08-11T14:02:13.861Z"}
{"error":"calculateNetOrderTota is not defined","controller":"dashboard","action":"getDashboard","level":"error","message":"Error fetching dashboard data","timestamp":"2025-08-12T06:41:20.628Z"}
{"controller":"wallet","action":"createWalletOrder","level":"error","message":"Failed to create wallet order","timestamp":"2025-08-12T07:03:41.349Z"}
{"originalMessage":"Cast to embedded failed for value \"{\n  type: 'add',\n  amount: NaN,\n  description: 'Wallet Recharge via Razorpay',\n  transactionId: 'pay_R4KlYBNfxCZNEZ'\n}\" (type Object) at path \"transaction\" because of \"CastError\"","stack":"CastError: Cast to embedded failed for value \"{\n  type: 'add',\n  amount: NaN,\n  description: 'Wallet Recharge via Razorpay',\n  transactionId: 'pay_R4KlYBNfxCZNEZ'\n}\" (type Object) at path \"transaction\" because of \"CastError\"\n    at SchemaDocumentArray.cast (D:\\AMAL PAUL\\BROTOTYPE\\E-COMMERCE PROJECT (SPORTS HUB)\\Node Connect - Original file - connect mongose - latest - Copy\\node_modules\\mongoose\\lib\\schema\\documentArray.js:502:19)\n    at SchemaType.applySetters (D:\\AMAL PAUL\\BROTOTYPE\\E-COMMERCE PROJECT (SPORTS HUB)\\Node Connect - Original file - connect mongose - latest - Copy\\node_modules\\mongoose\\lib\\schemaType.js:1255:12)\n    at castUpdateVal (D:\\AMAL PAUL\\BROTOTYPE\\E-COMMERCE PROJECT (SPORTS HUB)\\Node Connect - Original file - connect mongose - latest - Copy\\node_modules\\mongoose\\lib\\helpers\\query\\castUpdate.js:577:22)\n    at walkUpdatePath (D:\\AMAL PAUL\\BROTOTYPE\\E-COMMERCE PROJECT (SPORTS HUB)\\Node Connect - Original file - connect mongose - latest - Copy\\node_modules\\mongoose\\lib\\helpers\\query\\castUpdate.js:317:26)\n    at castUpdate (D:\\AMAL PAUL\\BROTOTYPE\\E-COMMERCE PROJECT (SPORTS HUB)\\Node Connect - Original file - connect mongose - latest - Copy\\node_modules\\mongoose\\lib\\helpers\\query\\castUpdate.js:144:7)\n    at model.Query._castUpdate (D:\\AMAL PAUL\\BROTOTYPE\\E-COMMERCE PROJECT (SPORTS HUB)\\Node Connect - Original file - connect mongose - latest - Copy\\node_modules\\mongoose\\lib\\query.js:4851:10)\n    at model.Query._updateThunk (D:\\AMAL PAUL\\BROTOTYPE\\E-COMMERCE PROJECT (SPORTS HUB)\\Node Connect - Original file - connect mongose - latest - Copy\\node_modules\\mongoose\\lib\\query.js:4039:25)\n    at model.Query._updateOne (D:\\AMAL PAUL\\BROTOTYPE\\E-COMMERCE PROJECT (SPORTS HUB)\\Node Connect - Original file - connect mongose - latest - Copy\\node_modules\\mongoose\\lib\\query.js:4127:23)\n    at model.Query.exec (D:\\AMAL PAUL\\BROTOTYPE\\E-COMMERCE PROJECT (SPORTS HUB)\\Node Connect - Original file - connect mongose - latest - Copy\\node_modules\\mongoose\\lib\\query.js:4604:80)\n    at process.processTicksAndRejections (node:internal/process/task_queues:105:5)\n    at async walletPaymentSuccess (D:\\AMAL PAUL\\BROTOTYPE\\E-COMMERCE PROJECT (SPORTS HUB)\\Node Connect - Original file - connect mongose - latest - Copy\\controllers\\wallet.js:85:9)","controller":"wallet","action":"walletPaymentSuccess","level":"error","message":"Failed to process wallet payment success","timestamp":"2025-08-12T07:04:04.432Z"}
{"controller":"wallet","action":"createWalletOrder","level":"error","message":"Failed to create wallet order","timestamp":"2025-08-12T07:04:20.272Z"}
{"controller":"wallet","action":"createWalletOrder","level":"error","message":"Failed to create wallet order","timestamp":"2025-08-12T07:04:35.272Z"}
{"controller":"wallet","action":"createWalletOrder","level":"error","message":"Failed to create wallet order","timestamp":"2025-08-12T07:05:19.651Z"}
{"controller":"checkout","action":"createRazorpayOrder","userId":null,"level":"error","message":"Failed to create Razorpay order","timestamp":"2025-08-12T07:05:38.096Z"}
{"controller":"wallet","action":"createWalletOrder","level":"error","message":"Failed to create wallet order","timestamp":"2025-08-12T07:08:20.276Z"}
{"controller":"wallet","action":"createWalletOrder","level":"error","message":"Failed to create wallet order","timestamp":"2025-08-12T07:09:14.663Z"}
{"controller":"wallet","action":"createWalletOrder","level":"error","message":"Failed to create wallet order","timestamp":"2025-08-12T07:09:28.417Z"}
{"controller":"wallet","action":"createWalletOrder","level":"error","message":"Failed to create wallet order","timestamp":"2025-08-12T07:14:46.253Z"}
{"controller":"wallet","action":"createWalletOrder","level":"error","message":"Failed to create wallet order","timestamp":"2025-08-12T07:15:21.137Z"}
{"controller":"wallet","action":"createWalletOrder","level":"error","message":"Failed to create wallet order","timestamp":"2025-08-12T07:16:53.767Z"}
{"controller":"wallet","action":"createWalletOrder","level":"error","message":"Failed to create wallet order","timestamp":"2025-08-12T07:20:24.595Z"}
